2023-06-22 15:08:32.997 [restartedMain] INFO  com.zk.SbMusicMsApplication - Starting SbMusicMsApplication using Java 11.0.19 on LAPTOP-8AJ8CDGO with PID 3120 (D:\IDEA\sbScoreMS\sbMusicMS\target\classes started by 1 in D:\IDEA\sbScoreMS\sbMusicMS)
2023-06-22 15:08:33.000 [restartedMain] INFO  com.zk.SbMusicMsApplication - The following 1 profile is active: "dev"
2023-06-22 15:08:33.044 [restartedMain] INFO  o.s.b.d.e.DevToolsPropertyDefaultsPostProcessor - Devtools property defaults active! Set 'spring.devtools.add-properties' to 'false' to disable
2023-06-22 15:08:33.044 [restartedMain] INFO  o.s.b.d.e.DevToolsPropertyDefaultsPostProcessor - For additional web related logging consider setting the 'logging.level.web' property to 'DEBUG'
2023-06-22 15:08:35.048 [restartedMain] INFO  o.s.b.w.e.t.TomcatWebServer - Tomcat initialized with port(s): 8080 (http)
2023-06-22 15:08:35.060 [restartedMain] INFO  o.a.c.http11.Http11NioProtocol - Initializing ProtocolHandler ["http-nio-8080"]
2023-06-22 15:08:35.060 [restartedMain] INFO  o.a.c.core.StandardService - Starting service [Tomcat]
2023-06-22 15:08:35.060 [restartedMain] INFO  o.a.c.core.StandardEngine - Starting Servlet engine: [Apache Tomcat/9.0.75]
2023-06-22 15:08:35.158 [restartedMain] INFO  o.a.c.c.C.[.[localhost].[/] - Initializing Spring embedded WebApplicationContext
2023-06-22 15:08:35.158 [restartedMain] INFO  o.s.b.w.s.c.ServletWebServerApplicationContext - Root WebApplicationContext: initialization completed in 2113 ms
2023-06-22 15:08:35.988 [restartedMain] INFO  o.s.b.d.a.OptionalLiveReloadServer - LiveReload server is running on port 35729
2023-06-22 15:08:36.146 [restartedMain] INFO  o.a.c.http11.Http11NioProtocol - Starting ProtocolHandler ["http-nio-8080"]
2023-06-22 15:08:36.164 [restartedMain] INFO  o.s.b.w.e.t.TomcatWebServer - Tomcat started on port(s): 8080 (http) with context path ''
2023-06-22 15:08:36.226 [restartedMain] INFO  com.zk.SbMusicMsApplication - Started SbMusicMsApplication in 3.732 seconds (JVM running for 5.485)
2023-06-22 15:08:40.290 [http-nio-8080-exec-1] INFO  o.a.c.c.C.[.[localhost].[/] - Initializing Spring DispatcherServlet 'dispatcherServlet'
2023-06-22 15:08:40.291 [http-nio-8080-exec-1] INFO  o.s.w.s.DispatcherServlet - Initializing Servlet 'dispatcherServlet'
2023-06-22 15:08:40.292 [http-nio-8080-exec-1] INFO  o.s.w.s.DispatcherServlet - Completed initialization in 1 ms
2023-06-22 15:08:40.384 [http-nio-8080-exec-1] INFO  c.a.druid.pool.DruidDataSource - {dataSource-1} inited
2023-06-22 15:42:21.987 [http-nio-8080-exec-8] WARN  o.s.w.s.m.s.DefaultHandlerExceptionResolver - Resolved [org.springframework.web.HttpRequestMethodNotSupportedException: Request method 'PUT' not supported]
2023-06-22 16:18:28.819 [SpringApplicationShutdownHook] INFO  c.a.druid.pool.DruidDataSource - {dataSource-1} closed
